<?xml version="1.0" encoding="UTF-8"?>
<!-- Generated by org.testng.reporters.JUnitXMLReporter -->
<testsuite ignored="17" hostname="LTIN251660" failures="0" tests="4" name="Grouping" time="42.467" errors="0" timestamp="2024-03-06T16:06:35 IST">
  <testcase classname="TestCases.Tests" name="open_car_insurance" time="0.585"/>
  <testcase classname="TestCases.Tests" name="enter_new_car_details" time="7.648"/>
  <testcase classname="TestCases.Tests" name="enter_invalid_email" time="1.442"/>
  <testcase classname="TestCases.Tests" name="enter_valid_email" time="10.434"/>
  <testcase classname="TestCases.Tests" name="click_No_of_persons" time="0.0">
    <ignored/>
  </testcase> <!-- click_No_of_persons -->
  <testcase classname="TestCases.Tests" name="go_To_Home_Page" time="0.0">
    <ignored/>
  </testcase> <!-- go_To_Home_Page -->
  <testcase classname="TestCases.Tests" name="click_Date" time="0.0">
    <ignored/>
  </testcase> <!-- click_Date -->
  <testcase classname="TestCases.Tests" name="press_no" time="0.0">
    <ignored/>
  </testcase> <!-- press_no -->
  <testcase classname="TestCases.Tests" name="select_destination" time="0.0">
    <ignored/>
  </testcase> <!-- select_destination -->
  <testcase classname="TestCases.Tests" name="lowest_prices_of_three_insurances" time="0.0">
    <ignored/>
  </testcase> <!-- lowest_prices_of_three_insurances -->
  <testcase classname="TestCases.Tests" name="drop_2_and_Next" time="0.0">
    <ignored/>
  </testcase> <!-- drop_2_and_Next -->
  <testcase classname="TestCases.Tests" name="go_to_HomePage" time="0.0">
    <ignored/>
  </testcase> <!-- go_to_HomePage -->
  <testcase classname="TestCases.Tests" name="entering_health_insurance_details" time="0.0">
    <ignored/>
  </testcase> <!-- entering_health_insurance_details -->
  <testcase classname="TestCases.Tests" name="open_travel_insurance" time="0.0">
    <ignored/>
  </testcase> <!-- open_travel_insurance -->
  <testcase classname="TestCases.Tests" name="next_Fuctionality" time="0.0">
    <ignored/>
  </testcase> <!-- next_Fuctionality -->
  <testcase classname="TestCases.Tests" name="drop_1" time="0.0">
    <ignored/>
  </testcase> <!-- drop_1 -->
  <testcase classname="TestCases.Tests" name="next_click_no" time="0.0">
    <ignored/>
  </testcase> <!-- next_click_no -->
  <testcase classname="TestCases.Tests" name="press_Viewplan" time="0.0">
    <ignored/>
  </testcase> <!-- press_Viewplan -->
  <testcase classname="TestCases.Tests" name="print_First_Three_companies" time="0.0">
    <ignored/>
  </testcase> <!-- print_First_Three_companies -->
  <testcase classname="TestCases.Tests" name="enter_mob_no" time="0.0">
    <ignored/>
  </testcase> <!-- enter_mob_no -->
  <testcase classname="TestCases.Tests" name="select_Date" time="0.0">
    <ignored/>
  </testcase> <!-- select_Date -->
</testsuite> <!-- Grouping -->
