<?xml version="1.0" encoding="UTF-8"?>
<!-- Generated by org.testng.reporters.JUnitXMLReporter -->
<testsuite ignored="0" hostname="LTIN251660" failures="0" tests="21" name="Test" time="70.94" errors="0" timestamp="2024-02-26T00:00:38 IST">
  <testcase classname="TestCases.Tests" name="open_travel_insurance" time="0.428"/>
  <testcase classname="TestCases.Tests" name="select_destination" time="4.051"/>
  <testcase classname="TestCases.Tests" name="next_Fuctionality" time="2.296"/>
  <testcase classname="TestCases.Tests" name="click_Date" time="0.527"/>
  <testcase classname="TestCases.Tests" name="select_Date" time="1.886"/>
  <testcase classname="TestCases.Tests" name="click_No_of_persons" time="0.363"/>
  <testcase classname="TestCases.Tests" name="drop_1" time="0.594"/>
  <testcase classname="TestCases.Tests" name="drop_2_and_Next" time="0.651"/>
  <testcase classname="TestCases.Tests" name="press_no" time="0.445"/>
  <testcase classname="TestCases.Tests" name="next_click_no" time="0.053"/>
  <testcase classname="TestCases.Tests" name="enter_mob_no" time="1.037"/>
  <testcase classname="TestCases.Tests" name="press_Viewplan" time="0.202"/>
  <testcase classname="TestCases.Tests" name="lowest_prices_of_three_insurances" time="15.492"/>
  <testcase classname="TestCases.Tests" name="print_First_Three_companies" time="0.41"/>
  <testcase classname="TestCases.Tests" name="go_To_Home_Page" time="1.316"/>
  <testcase classname="TestCases.Tests" name="open_car_insurance" time="1.012"/>
  <testcase classname="TestCases.Tests" name="enter_new_car_details" time="5.991"/>
  <testcase classname="TestCases.Tests" name="enter_invalid_email" time="1.323"/>
  <testcase classname="TestCases.Tests" name="enter_valid_email" time="6.49"/>
  <testcase classname="TestCases.Tests" name="go_to_HomePage" time="1.622"/>
  <testcase classname="TestCases.Tests" name="entering_health_insurance_details" time="0.883"/>
</testsuite> <!-- Test -->
