<?xml version="1.0" encoding="UTF-8"?>
<testsuite xmlns:xsi="http://www.w3.org/2001/XMLSchema-instance" xsi:noNamespaceSchemaLocation="https://maven.apache.org/surefire/maven-surefire-plugin/xsd/surefire-test-report-3.0.xsd" version="3.0" name="TestCases.Tests" time="1.535" tests="23" errors="0" skipped="22" failures="1">
  <properties>
[...]
</properties>
  <testcase name="beforeClass" classname="TestCases.Tests" time="0.943">
    <failure message="&#10;Parameter &apos;os&apos; is required by BeforeClass on method beforeClass but has not been marked @Optional or defined&#10;" type="org.testng.TestNGException"><![CDATA[org.testng.TestNGException: 

Parameter 'os' is required by BeforeClass on method beforeClass but has not been marked @Optional or defined

	at org.testng.internal.Parameters.createParams(Parameters.java:267)
	at org.testng.internal.Parameters.createParametersForMethod(Parameters.java:355)
	at org.testng.internal.Parameters.createParameters(Parameters.java:684)
	at org.testng.internal.Parameters.createConfigurationParameters(Parameters.java:166)
	at org.testng.internal.invokers.ConfigInvoker.invokeConfigurations(ConfigInvoker.java:306)
	at org.testng.internal.invokers.TestMethodWorker.invokeBeforeClassMethods(TestMethodWorker.java:180)
	at org.testng.internal.invokers.TestMethodWorker.run(TestMethodWorker.java:122)
	at java.base/java.util.ArrayList.forEach(ArrayList.java:1511)
	at org.testng.TestRunner.privateRun(TestRunner.java:848)
	at org.testng.TestRunner.run(TestRunner.java:621)
	at org.testng.SuiteRunner.runTest(SuiteRunner.java:443)
	at org.testng.SuiteRunner.runSequentially(SuiteRunner.java:437)
	at org.testng.SuiteRunner.privateRun(SuiteRunner.java:397)
	at org.testng.SuiteRunner.run(SuiteRunner.java:336)
	at org.testng.SuiteRunnerWorker.runSuite(SuiteRunnerWorker.java:52)
	at org.testng.SuiteRunnerWorker.run(SuiteRunnerWorker.java:95)
	at org.testng.TestNG.runSuitesSequentially(TestNG.java:1280)
	at org.testng.TestNG.runSuitesLocally(TestNG.java:1200)
	at org.testng.TestNG.runSuites(TestNG.java:1114)
	at org.testng.TestNG.run(TestNG.java:1082)
	at org.apache.maven.surefire.testng.TestNGExecutor.run(TestNGExecutor.java:155)
	at org.apache.maven.surefire.testng.TestNGDirectoryTestSuite.executeSingleClass(TestNGDirectoryTestSuite.java:102)
	at org.apache.maven.surefire.testng.TestNGDirectoryTestSuite.execute(TestNGDirectoryTestSuite.java:91)
	at org.apache.maven.surefire.testng.TestNGProvider.invoke(TestNGProvider.java:137)
	at org.apache.maven.surefire.booter.ForkedBooter.runSuitesInProcess(ForkedBooter.java:385)
	at org.apache.maven.surefire.booter.ForkedBooter.execute(ForkedBooter.java:162)
	at org.apache.maven.surefire.booter.ForkedBooter.run(ForkedBooter.java:507)
	at org.apache.maven.surefire.booter.ForkedBooter.main(ForkedBooter.java:495)
]]></failure>
    <system-err><![CDATA[SLF4J(W): No SLF4J providers were found.
SLF4J(W): Defaulting to no-operation (NOP) logger implementation
SLF4J(W): See https://www.slf4j.org/codes.html#noProviders for further details.
]]></system-err>
  </testcase>
  <testcase name="open_travel_insurance" classname="TestCases.Tests" time="0.0">
    <skipped message="&#10;Parameter &apos;os&apos; is required by BeforeClass on method beforeClass but has not been marked @Optional or defined&#10;"/>
  </testcase>
  <testcase name="select_destination" classname="TestCases.Tests" time="0.0">
    <skipped message="Method Tests.select_destination()[pri:2, instance:TestCases.Tests@50b472aa] depends on not successfully finished methods in group &quot;smoke Test one&quot;"/>
  </testcase>
  <testcase name="next_Fuctionality" classname="TestCases.Tests" time="0.0">
    <skipped message="&#10;Parameter &apos;os&apos; is required by BeforeClass on method beforeClass but has not been marked @Optional or defined&#10;"/>
  </testcase>
  <testcase name="click_Date" classname="TestCases.Tests" time="0.0">
    <skipped message="&#10;Parameter &apos;os&apos; is required by BeforeClass on method beforeClass but has not been marked @Optional or defined&#10;"/>
  </testcase>
  <testcase name="select_Date" classname="TestCases.Tests" time="0.0">
    <skipped message="&#10;Parameter &apos;os&apos; is required by BeforeClass on method beforeClass but has not been marked @Optional or defined&#10;"/>
  </testcase>
  <testcase name="click_No_of_persons" classname="TestCases.Tests" time="0.0">
    <skipped message="&#10;Parameter &apos;os&apos; is required by BeforeClass on method beforeClass but has not been marked @Optional or defined&#10;"/>
  </testcase>
  <testcase name="drop_1" classname="TestCases.Tests" time="0.0">
    <skipped message="&#10;Parameter &apos;os&apos; is required by BeforeClass on method beforeClass but has not been marked @Optional or defined&#10;"/>
  </testcase>
  <testcase name="drop_2_and_Next" classname="TestCases.Tests" time="0.0">
    <skipped message="&#10;Parameter &apos;os&apos; is required by BeforeClass on method beforeClass but has not been marked @Optional or defined&#10;"/>
  </testcase>
  <testcase name="press_no" classname="TestCases.Tests" time="0.0">
    <skipped message="&#10;Parameter &apos;os&apos; is required by BeforeClass on method beforeClass but has not been marked @Optional or defined&#10;"/>
  </testcase>
  <testcase name="next_click_no" classname="TestCases.Tests" time="0.0">
    <skipped message="&#10;Parameter &apos;os&apos; is required by BeforeClass on method beforeClass but has not been marked @Optional or defined&#10;"/>
  </testcase>
  <testcase name="enter_mob_no" classname="TestCases.Tests" time="0.0">
    <skipped message="&#10;Parameter &apos;os&apos; is required by BeforeClass on method beforeClass but has not been marked @Optional or defined&#10;"/>
  </testcase>
  <testcase name="press_Viewplan" classname="TestCases.Tests" time="0.0">
    <skipped message="&#10;Parameter &apos;os&apos; is required by BeforeClass on method beforeClass but has not been marked @Optional or defined&#10;"/>
  </testcase>
  <testcase name="lowest_prices_of_three_insurances" classname="TestCases.Tests" time="0.0">
    <skipped message="&#10;Parameter &apos;os&apos; is required by BeforeClass on method beforeClass but has not been marked @Optional or defined&#10;"/>
  </testcase>
  <testcase name="print_First_Three_companies" classname="TestCases.Tests" time="0.0">
    <skipped message="&#10;Parameter &apos;os&apos; is required by BeforeClass on method beforeClass but has not been marked @Optional or defined&#10;"/>
  </testcase>
  <testcase name="go_To_Home_Page" classname="TestCases.Tests" time="0.0">
    <skipped message="&#10;Parameter &apos;os&apos; is required by BeforeClass on method beforeClass but has not been marked @Optional or defined&#10;"/>
  </testcase>
  <testcase name="open_car_insurance" classname="TestCases.Tests" time="0.0">
    <skipped message="&#10;Parameter &apos;os&apos; is required by BeforeClass on method beforeClass but has not been marked @Optional or defined&#10;"/>
  </testcase>
  <testcase name="enter_new_car_details" classname="TestCases.Tests" time="0.0">
    <skipped message="Method Tests.enter_new_car_details()[pri:16, instance:TestCases.Tests@50b472aa] depends on not successfully finished methods in group &quot;smoke Test Two&quot;"/>
  </testcase>
  <testcase name="enter_invalid_email" classname="TestCases.Tests" time="0.0">
    <skipped message="&#10;Parameter &apos;os&apos; is required by BeforeClass on method beforeClass but has not been marked @Optional or defined&#10;"/>
  </testcase>
  <testcase name="enter_valid_email" classname="TestCases.Tests" time="0.0">
    <skipped message="&#10;Parameter &apos;os&apos; is required by BeforeClass on method beforeClass but has not been marked @Optional or defined&#10;"/>
  </testcase>
  <testcase name="go_to_HomePage" classname="TestCases.Tests" time="0.0">
    <skipped message="&#10;Parameter &apos;os&apos; is required by BeforeClass on method beforeClass but has not been marked @Optional or defined&#10;"/>
  </testcase>
  <testcase name="entering_health_insurance_details" classname="TestCases.Tests" time="0.0">
    <skipped message="&#10;Parameter &apos;os&apos; is required by BeforeClass on method beforeClass but has not been marked @Optional or defined&#10;"/>
  </testcase>
  <testcase name="afterClass" classname="TestCases.Tests" time="0.0">
    <skipped/>
  </testcase>
</testsuite>