<?xml version="1.0" encoding="UTF-8"?>
<testng-results ignored="0" total="21" passed="21" failed="0" skipped="0">
  <reporter-output>
  </reporter-output>
  <suite started-at="2024-03-04T23:53:14 IST" name="Suite" finished-at="2024-03-04T23:54:21 IST" duration-ms="67342">
    <groups>
      <group name="smoke Test one">
        <method signature="Tests.open_travel_insurance()[pri:1, instance:TestCases.Tests@351d00c0]" name="open_travel_insurance" class="TestCases.Tests"/>
      </group> <!-- smoke Test one -->
      <group name="regression Test One">
        <method signature="Tests.select_destination()[pri:2, instance:TestCases.Tests@351d00c0]" name="select_destination" class="TestCases.Tests"/>
        <method signature="Tests.next_Fuctionality()[pri:3, instance:TestCases.Tests@351d00c0]" name="next_Fuctionality" class="TestCases.Tests"/>
        <method signature="Tests.click_Date()[pri:4, instance:TestCases.Tests@351d00c0]" name="click_Date" class="TestCases.Tests"/>
        <method signature="Tests.select_Date()[pri:5, instance:TestCases.Tests@351d00c0]" name="select_Date" class="TestCases.Tests"/>
        <method signature="Tests.click_No_of_persons()[pri:6, instance:TestCases.Tests@351d00c0]" name="click_No_of_persons" class="TestCases.Tests"/>
        <method signature="Tests.drop_1()[pri:7, instance:TestCases.Tests@351d00c0]" name="drop_1" class="TestCases.Tests"/>
        <method signature="Tests.drop_2_and_Next()[pri:8, instance:TestCases.Tests@351d00c0]" name="drop_2_and_Next" class="TestCases.Tests"/>
        <method signature="Tests.press_no()[pri:9, instance:TestCases.Tests@351d00c0]" name="press_no" class="TestCases.Tests"/>
        <method signature="Tests.next_click_no()[pri:10, instance:TestCases.Tests@351d00c0]" name="next_click_no" class="TestCases.Tests"/>
        <method signature="Tests.enter_mob_no()[pri:11, instance:TestCases.Tests@351d00c0]" name="enter_mob_no" class="TestCases.Tests"/>
        <method signature="Tests.press_Viewplan()[pri:12, instance:TestCases.Tests@351d00c0]" name="press_Viewplan" class="TestCases.Tests"/>
        <method signature="Tests.lowest_prices_of_three_insurances()[pri:13, instance:TestCases.Tests@351d00c0]" name="lowest_prices_of_three_insurances" class="TestCases.Tests"/>
        <method signature="Tests.print_First_Three_companies()[pri:14, instance:TestCases.Tests@351d00c0]" name="print_First_Three_companies" class="TestCases.Tests"/>
      </group> <!-- regression Test One -->
      <group name="regression Test Three">
        <method signature="Tests.entering_health_insurance_details()[pri:20, instance:TestCases.Tests@351d00c0]" name="entering_health_insurance_details" class="TestCases.Tests"/>
      </group> <!-- regression Test Three -->
      <group name="smoke Test Two">
        <method signature="Tests.open_car_insurance()[pri:15, instance:TestCases.Tests@351d00c0]" name="open_car_insurance" class="TestCases.Tests"/>
      </group> <!-- smoke Test Two -->
      <group name="regression Test Two">
        <method signature="Tests.enter_new_car_details()[pri:16, instance:TestCases.Tests@351d00c0]" name="enter_new_car_details" class="TestCases.Tests"/>
        <method signature="Tests.enter_invalid_email()[pri:17, instance:TestCases.Tests@351d00c0]" name="enter_invalid_email" class="TestCases.Tests"/>
        <method signature="Tests.enter_valid_email()[pri:18, instance:TestCases.Tests@351d00c0]" name="enter_valid_email" class="TestCases.Tests"/>
      </group> <!-- regression Test Two -->
    </groups>
    <test started-at="2024-03-04T23:53:14 IST" name="END TO END Testing" finished-at="2024-03-04T23:54:21 IST" duration-ms="67342">
      <class name="TestCases.Tests">
        <test-method is-config="true" signature="beforeClass(java.lang.String,java.lang.String)[pri:0, instance:TestCases.Tests@351d00c0]" started-at="2024-03-04T23:53:14 IST" name="beforeClass" finished-at="2024-03-04T23:53:30 IST" duration-ms="15861" status="PASS">
          <params>
            <param index="0">
              <value>
                <![CDATA[windows]]>
              </value>
            </param>
            <param index="1">
              <value>
                <![CDATA[chrome]]>
              </value>
            </param>
          </params>
          <reporter-output>
          </reporter-output>
        </test-method> <!-- beforeClass -->
        <test-method signature="open_travel_insurance()[pri:1, instance:TestCases.Tests@351d00c0]" started-at="2024-03-04T23:53:30 IST" name="open_travel_insurance" finished-at="2024-03-04T23:53:30 IST" duration-ms="358" status="PASS">
          <reporter-output>
          </reporter-output>
        </test-method> <!-- open_travel_insurance -->
        <test-method signature="select_destination()[pri:2, instance:TestCases.Tests@351d00c0]" started-at="2024-03-04T23:53:30 IST" name="select_destination" depends-on-groups="smoke Test one" finished-at="2024-03-04T23:53:34 IST" duration-ms="3962" status="PASS">
          <reporter-output>
          </reporter-output>
        </test-method> <!-- select_destination -->
        <test-method signature="next_Fuctionality()[pri:3, instance:TestCases.Tests@351d00c0]" started-at="2024-03-04T23:53:34 IST" name="next_Fuctionality" finished-at="2024-03-04T23:53:37 IST" duration-ms="2233" status="PASS">
          <reporter-output>
          </reporter-output>
        </test-method> <!-- next_Fuctionality -->
        <test-method signature="click_Date()[pri:4, instance:TestCases.Tests@351d00c0]" started-at="2024-03-04T23:53:37 IST" name="click_Date" finished-at="2024-03-04T23:53:37 IST" duration-ms="304" status="PASS">
          <reporter-output>
          </reporter-output>
        </test-method> <!-- click_Date -->
        <test-method signature="select_Date()[pri:5, instance:TestCases.Tests@351d00c0]" started-at="2024-03-04T23:53:37 IST" name="select_Date" finished-at="2024-03-04T23:53:38 IST" duration-ms="1245" status="PASS">
          <reporter-output>
          </reporter-output>
        </test-method> <!-- select_Date -->
        <test-method signature="click_No_of_persons()[pri:6, instance:TestCases.Tests@351d00c0]" started-at="2024-03-04T23:53:38 IST" name="click_No_of_persons" finished-at="2024-03-04T23:53:39 IST" duration-ms="305" status="PASS">
          <reporter-output>
          </reporter-output>
        </test-method> <!-- click_No_of_persons -->
        <test-method signature="drop_1()[pri:7, instance:TestCases.Tests@351d00c0]" started-at="2024-03-04T23:53:39 IST" name="drop_1" finished-at="2024-03-04T23:53:39 IST" duration-ms="610" status="PASS">
          <reporter-output>
          </reporter-output>
        </test-method> <!-- drop_1 -->
        <test-method signature="drop_2_and_Next()[pri:8, instance:TestCases.Tests@351d00c0]" started-at="2024-03-04T23:53:39 IST" name="drop_2_and_Next" finished-at="2024-03-04T23:53:40 IST" duration-ms="806" status="PASS">
          <reporter-output>
          </reporter-output>
        </test-method> <!-- drop_2_and_Next -->
        <test-method signature="press_no()[pri:9, instance:TestCases.Tests@351d00c0]" started-at="2024-03-04T23:53:40 IST" name="press_no" finished-at="2024-03-04T23:53:40 IST" duration-ms="575" status="PASS">
          <reporter-output>
          </reporter-output>
        </test-method> <!-- press_no -->
        <test-method signature="next_click_no()[pri:10, instance:TestCases.Tests@351d00c0]" started-at="2024-03-04T23:53:40 IST" name="next_click_no" finished-at="2024-03-04T23:53:41 IST" duration-ms="27" status="PASS">
          <reporter-output>
          </reporter-output>
        </test-method> <!-- next_click_no -->
        <test-method signature="enter_mob_no()[pri:11, instance:TestCases.Tests@351d00c0]" started-at="2024-03-04T23:53:41 IST" name="enter_mob_no" finished-at="2024-03-04T23:53:42 IST" duration-ms="1561" status="PASS">
          <reporter-output>
          </reporter-output>
        </test-method> <!-- enter_mob_no -->
        <test-method signature="press_Viewplan()[pri:12, instance:TestCases.Tests@351d00c0]" started-at="2024-03-04T23:53:42 IST" name="press_Viewplan" finished-at="2024-03-04T23:53:42 IST" duration-ms="239" status="PASS">
          <reporter-output>
          </reporter-output>
        </test-method> <!-- press_Viewplan -->
        <test-method signature="lowest_prices_of_three_insurances()[pri:13, instance:TestCases.Tests@351d00c0]" started-at="2024-03-04T23:53:42 IST" name="lowest_prices_of_three_insurances" finished-at="2024-03-04T23:53:58 IST" duration-ms="15522" status="PASS">
          <reporter-output>
          </reporter-output>
        </test-method> <!-- lowest_prices_of_three_insurances -->
        <test-method signature="print_First_Three_companies()[pri:14, instance:TestCases.Tests@351d00c0]" started-at="2024-03-04T23:53:58 IST" name="print_First_Three_companies" finished-at="2024-03-04T23:53:58 IST" duration-ms="596" status="PASS">
          <reporter-output>
          </reporter-output>
        </test-method> <!-- print_First_Three_companies -->
        <test-method signature="go_To_Home_Page()[pri:15, instance:TestCases.Tests@351d00c0]" started-at="2024-03-04T23:53:58 IST" name="go_To_Home_Page" finished-at="2024-03-04T23:54:00 IST" duration-ms="1849" status="PASS">
          <reporter-output>
          </reporter-output>
        </test-method> <!-- go_To_Home_Page -->
        <test-method signature="open_car_insurance()[pri:15, instance:TestCases.Tests@351d00c0]" started-at="2024-03-04T23:54:00 IST" name="open_car_insurance" finished-at="2024-03-04T23:54:01 IST" duration-ms="377" status="PASS">
          <reporter-output>
          </reporter-output>
        </test-method> <!-- open_car_insurance -->
        <test-method signature="enter_new_car_details()[pri:16, instance:TestCases.Tests@351d00c0]" started-at="2024-03-04T23:54:01 IST" name="enter_new_car_details" depends-on-groups="smoke Test Two" finished-at="2024-03-04T23:54:09 IST" duration-ms="7863" status="PASS">
          <reporter-output>
          </reporter-output>
        </test-method> <!-- enter_new_car_details -->
        <test-method signature="enter_invalid_email()[pri:17, instance:TestCases.Tests@351d00c0]" started-at="2024-03-04T23:54:09 IST" name="enter_invalid_email" finished-at="2024-03-04T23:54:10 IST" duration-ms="1449" status="PASS">
          <reporter-output>
          </reporter-output>
        </test-method> <!-- enter_invalid_email -->
        <test-method signature="enter_valid_email()[pri:18, instance:TestCases.Tests@351d00c0]" started-at="2024-03-04T23:54:10 IST" name="enter_valid_email" finished-at="2024-03-04T23:54:17 IST" duration-ms="6515" status="PASS">
          <reporter-output>
          </reporter-output>
        </test-method> <!-- enter_valid_email -->
        <test-method signature="go_to_HomePage()[pri:19, instance:TestCases.Tests@351d00c0]" started-at="2024-03-04T23:54:17 IST" name="go_to_HomePage" finished-at="2024-03-04T23:54:18 IST" duration-ms="1793" status="PASS">
          <reporter-output>
          </reporter-output>
        </test-method> <!-- go_to_HomePage -->
        <test-method signature="entering_health_insurance_details()[pri:20, instance:TestCases.Tests@351d00c0]" started-at="2024-03-04T23:54:18 IST" name="entering_health_insurance_details" finished-at="2024-03-04T23:54:19 IST" duration-ms="757" status="PASS">
          <reporter-output>
          </reporter-output>
        </test-method> <!-- entering_health_insurance_details -->
        <test-method is-config="true" signature="afterClass()[pri:0, instance:TestCases.Tests@351d00c0]" started-at="2024-03-04T23:54:19 IST" name="afterClass" finished-at="2024-03-04T23:54:21 IST" duration-ms="1973" status="PASS">
          <reporter-output>
          </reporter-output>
        </test-method> <!-- afterClass -->
      </class> <!-- TestCases.Tests -->
    </test> <!-- END TO END Testing -->
  </suite> <!-- Suite -->
</testng-results>
